<?xml version="1.0" encoding="UTF-8"?>
<!-- Generated by org.testng.reporters.JUnitXMLReporter -->
<testsuite ignored="0" hostname="KOWSIKAN" failures="0" tests="42" name="Regression Tests" time="614.682" errors="0" timestamp="2026-05-08T10:54:50 IST">
  <testcase classname="com.bankbot.tests.AccountTest" name="TC_ACC_001_createNewAccountWithValidCustomerId" time="8.286"/>
  <testcase classname="com.bankbot.tests.AccountTest" name="TC_ACC_002_verifyAccountAppearsInAccountList" time="8.111"/>
  <testcase classname="com.bankbot.tests.AccountTest" name="TC_ACC_003_createAccountWithInvalidCustomerId" time="5.086"/>
  <testcase classname="com.bankbot.tests.AccountTest" name="TC_ACC_004_createAccountWithoutInitialDeposit" time="8.094"/>
  <testcase classname="com.bankbot.tests.AccountTest" name="TC_ACC_005_editAccountType" time="12.379"/>
  <testcase classname="com.bankbot.tests.AccountTest" name="TC_ACC_006_verifyAccountDetailsAfterUpdate" time="13.135"/>
  <testcase classname="com.bankbot.tests.AccountTest" name="TC_ACC_007_createMultipleAccountsForSameCustomer" time="10.634"/>
  <testcase classname="com.bankbot.tests.AccountTest" name="TC_ACC_008_verifyAccountNumberUniqueness" time="10.818"/>
  <testcase classname="com.bankbot.tests.CustomerTest" name="TC_CUST_001_createNewCustomerWithValidDetails" time="5.627"/>
  <testcase classname="com.bankbot.tests.CustomerTest" name="TC_CUST_002_verifySuccessMessageAfterCustomerCreation" time="5.448"/>
  <testcase classname="com.bankbot.tests.CustomerTest" name="TC_CUST_003_createCustomerWithExistingEmail" time="11.348"/>
  <testcase classname="com.bankbot.tests.CustomerTest" name="TC_CUST_004_createCustomerWithBlankMandatoryFields" time="4.959"/>
  <testcase classname="com.bankbot.tests.CustomerTest" name="TC_CUST_005_enterNumericValuesInCustomerName" time="6.676"/>
  <testcase classname="com.bankbot.tests.CustomerTest" name="TC_CUST_006_enterSpecialCharactersInCustomerName" time="7.275"/>
  <testcase classname="com.bankbot.tests.CustomerTest" name="TC_CUST_007_verifyFutureDobIsNotAccepted" time="6.679"/>
  <testcase classname="com.bankbot.tests.CustomerTest" name="TC_CUST_008_editExistingCustomerAddress" time="18.187"/>
  <testcase classname="com.bankbot.tests.CustomerTest" name="TC_CUST_009_editCustomerCityAndState" time="15.453"/>
  <testcase classname="com.bankbot.tests.CustomerTest" name="TC_CUST_010_deleteExistingCustomer" time="21.692"/>
  <testcase classname="com.bankbot.tests.FundTransferTest" name="TC_FUND_001_transferFundsBetweenValidAccounts" time="37.111"/>
  <testcase classname="com.bankbot.tests.FundTransferTest" name="TC_FUND_002_verifySuccessMessageAfterTransfer" time="17.84"/>
  <testcase classname="com.bankbot.tests.FundTransferTest" name="TC_FUND_003_verifySenderBalanceUpdates" time="19.852"/>
  <testcase classname="com.bankbot.tests.FundTransferTest" name="TC_FUND_004_verifyReceiverBalanceUpdates" time="19.96"/>
  <testcase classname="com.bankbot.tests.FundTransferTest" name="TC_FUND_005_transferAmountGreaterThanBalance" time="23.088"/>
  <testcase classname="com.bankbot.tests.FundTransferTest" name="TC_FUND_006_transferUsingInvalidPayeeAccount" time="33.221"/>
  <testcase classname="com.bankbot.tests.FundTransferTest" name="TC_FUND_007_transferNegativeAmount" time="34.619"/>
  <testcase classname="com.bankbot.tests.FundTransferTest" name="TC_FUND_008_transferWithBlankFields" time="7.583"/>
  <testcase classname="com.bankbot.tests.LoginTest" name="TC_LOGIN_001_loginWithValidManagerCredentials" time="7.634"/>
  <testcase classname="com.bankbot.tests.LoginTest" name="TC_LOGIN_002_loginWithInvalidUsername" time="3.372"/>
  <testcase classname="com.bankbot.tests.LoginTest" name="TC_LOGIN_003_loginWithInvalidPassword" time="4.442"/>
  <testcase classname="com.bankbot.tests.LoginTest" name="TC_LOGIN_004_loginWithBlankUsername" time="5.373"/>
  <testcase classname="com.bankbot.tests.LoginTest" name="TC_LOGIN_005_loginWithBlankPassword" time="3.945"/>
  <testcase classname="com.bankbot.tests.LoginTest" name="TC_LOGIN_006_loginWithBlankUsernameAndPassword" time="3.625"/>
  <testcase classname="com.bankbot.tests.LoginTest" name="TC_LOGIN_007_verifyLogoutFunctionality" time="10.133"/>
  <testcase classname="com.bankbot.tests.LoginTest" name="TC_LOGIN_008_verifySessionExpiresAfterLogout" time="6.961"/>
  <testcase classname="com.bankbot.tests.ValidationTest" name="TC_VAL_001_submitNewCustomerFormWithEmptyFields" time="6.513"/>
  <testcase classname="com.bankbot.tests.ValidationTest" name="TC_VAL_002_enterAlphabetsInNumericFields" time="10.982"/>
  <testcase classname="com.bankbot.tests.ValidationTest" name="TC_VAL_003_enterSpecialCharactersInPhoneNumber" time="11.414"/>
  <testcase classname="com.bankbot.tests.ValidationTest" name="TC_VAL_004_enterInvalidEmailFormat" time="10.378"/>
  <testcase classname="com.bankbot.tests.ValidationTest" name="TC_VAL_005_enterFutureDob" time="12.343"/>
  <testcase classname="com.bankbot.tests.ValidationTest" name="TC_VAL_006_submitAccountCreationWithoutCustomerId" time="7.697"/>
  <testcase classname="com.bankbot.tests.ValidationTest" name="TC_VAL_007_enterSpacesOnlyInMandatoryFields" time="11.057"/>
  <testcase classname="com.bankbot.tests.ValidationTest" name="TC_VAL_008_verifyResetButtonClearsForm" time="15.023"/>
</testsuite> <!-- Regression Tests -->
