<?xml version="1.0" encoding="UTF-8"?>
<testng-results ignored="0" total="42" passed="42" failed="0" skipped="0">
  <reporter-output>
  </reporter-output>
  <suite started-at="2026-05-08T10:44:32 IST" name="BOT-BANK Automation Suite" finished-at="2026-05-08T10:54:46 IST" duration-ms="614682">
    <groups>
    </groups>
    <test started-at="2026-05-08T10:44:32 IST" name="Regression Tests" finished-at="2026-05-08T10:54:46 IST" duration-ms="614682">
      <class name="com.bankbot.tests.LoginTest">
        <test-method is-config="true" signature="setUp()[pri:0, instance:com.bankbot.tests.LoginTest@5fe94a96]" started-at="2026-05-08T10:51:49 IST" name="setUp" finished-at="2026-05-08T10:51:51 IST" duration-ms="1570" status="PASS">
          <reporter-output>
          </reporter-output>
        </test-method> <!-- setUp -->
        <test-method signature="TC_LOGIN_001_loginWithValidManagerCredentials()[pri:0, instance:com.bankbot.tests.LoginTest@5fe94a96]" started-at="2026-05-08T10:51:51 IST" name="TC_LOGIN_001_loginWithValidManagerCredentials" finished-at="2026-05-08T10:51:58 IST" duration-ms="7634" status="PASS">
          <reporter-output>
          </reporter-output>
        </test-method> <!-- TC_LOGIN_001_loginWithValidManagerCredentials -->
        <test-method is-config="true" signature="tearDown()[pri:0, instance:com.bankbot.tests.LoginTest@5fe94a96]" started-at="2026-05-08T10:51:58 IST" name="tearDown" finished-at="2026-05-08T10:51:59 IST" duration-ms="1023" status="PASS">
          <reporter-output>
          </reporter-output>
        </test-method> <!-- tearDown -->
        <test-method is-config="true" signature="setUp()[pri:0, instance:com.bankbot.tests.LoginTest@5fe94a96]" started-at="2026-05-08T10:51:59 IST" name="setUp" finished-at="2026-05-08T10:52:01 IST" duration-ms="1318" status="PASS">
          <reporter-output>
          </reporter-output>
        </test-method> <!-- setUp -->
        <test-method signature="TC_LOGIN_002_loginWithInvalidUsername()[pri:0, instance:com.bankbot.tests.LoginTest@5fe94a96]" started-at="2026-05-08T10:52:01 IST" name="TC_LOGIN_002_loginWithInvalidUsername" finished-at="2026-05-08T10:52:04 IST" duration-ms="3372" status="PASS">
          <reporter-output>
          </reporter-output>
        </test-method> <!-- TC_LOGIN_002_loginWithInvalidUsername -->
        <test-method is-config="true" signature="tearDown()[pri:0, instance:com.bankbot.tests.LoginTest@5fe94a96]" started-at="2026-05-08T10:52:04 IST" name="tearDown" finished-at="2026-05-08T10:52:06 IST" duration-ms="2050" status="PASS">
          <reporter-output>
          </reporter-output>
        </test-method> <!-- tearDown -->
        <test-method is-config="true" signature="setUp()[pri:0, instance:com.bankbot.tests.LoginTest@5fe94a96]" started-at="2026-05-08T10:52:06 IST" name="setUp" finished-at="2026-05-08T10:52:09 IST" duration-ms="2747" status="PASS">
          <reporter-output>
          </reporter-output>
        </test-method> <!-- setUp -->
        <test-method signature="TC_LOGIN_003_loginWithInvalidPassword()[pri:0, instance:com.bankbot.tests.LoginTest@5fe94a96]" started-at="2026-05-08T10:52:09 IST" name="TC_LOGIN_003_loginWithInvalidPassword" finished-at="2026-05-08T10:52:13 IST" duration-ms="4442" status="PASS">
          <reporter-output>
          </reporter-output>
        </test-method> <!-- TC_LOGIN_003_loginWithInvalidPassword -->
        <test-method is-config="true" signature="tearDown()[pri:0, instance:com.bankbot.tests.LoginTest@5fe94a96]" started-at="2026-05-08T10:52:13 IST" name="tearDown" finished-at="2026-05-08T10:52:14 IST" duration-ms="687" status="PASS">
          <reporter-output>
          </reporter-output>
        </test-method> <!-- tearDown -->
        <test-method is-config="true" signature="setUp()[pri:0, instance:com.bankbot.tests.LoginTest@5fe94a96]" started-at="2026-05-08T10:52:14 IST" name="setUp" finished-at="2026-05-08T10:52:16 IST" duration-ms="1691" status="PASS">
          <reporter-output>
          </reporter-output>
        </test-method> <!-- setUp -->
        <test-method signature="TC_LOGIN_004_loginWithBlankUsername()[pri:0, instance:com.bankbot.tests.LoginTest@5fe94a96]" started-at="2026-05-08T10:52:16 IST" name="TC_LOGIN_004_loginWithBlankUsername" finished-at="2026-05-08T10:52:21 IST" duration-ms="5373" status="PASS">
          <reporter-output>
          </reporter-output>
        </test-method> <!-- TC_LOGIN_004_loginWithBlankUsername -->
        <test-method is-config="true" signature="tearDown()[pri:0, instance:com.bankbot.tests.LoginTest@5fe94a96]" started-at="2026-05-08T10:52:21 IST" name="tearDown" finished-at="2026-05-08T10:52:23 IST" duration-ms="2326" status="PASS">
          <reporter-output>
          </reporter-output>
        </test-method> <!-- tearDown -->
        <test-method is-config="true" signature="setUp()[pri:0, instance:com.bankbot.tests.LoginTest@5fe94a96]" started-at="2026-05-08T10:52:23 IST" name="setUp" finished-at="2026-05-08T10:52:27 IST" duration-ms="3364" status="PASS">
          <reporter-output>
          </reporter-output>
        </test-method> <!-- setUp -->
        <test-method signature="TC_LOGIN_005_loginWithBlankPassword()[pri:0, instance:com.bankbot.tests.LoginTest@5fe94a96]" started-at="2026-05-08T10:52:27 IST" name="TC_LOGIN_005_loginWithBlankPassword" finished-at="2026-05-08T10:52:31 IST" duration-ms="3945" status="PASS">
          <reporter-output>
          </reporter-output>
        </test-method> <!-- TC_LOGIN_005_loginWithBlankPassword -->
        <test-method is-config="true" signature="tearDown()[pri:0, instance:com.bankbot.tests.LoginTest@5fe94a96]" started-at="2026-05-08T10:52:31 IST" name="tearDown" finished-at="2026-05-08T10:52:31 IST" duration-ms="696" status="PASS">
          <reporter-output>
          </reporter-output>
        </test-method> <!-- tearDown -->
        <test-method is-config="true" signature="setUp()[pri:0, instance:com.bankbot.tests.LoginTest@5fe94a96]" started-at="2026-05-08T10:52:31 IST" name="setUp" finished-at="2026-05-08T10:52:33 IST" duration-ms="1751" status="PASS">
          <reporter-output>
          </reporter-output>
        </test-method> <!-- setUp -->
        <test-method signature="TC_LOGIN_006_loginWithBlankUsernameAndPassword()[pri:0, instance:com.bankbot.tests.LoginTest@5fe94a96]" started-at="2026-05-08T10:52:33 IST" name="TC_LOGIN_006_loginWithBlankUsernameAndPassword" finished-at="2026-05-08T10:52:37 IST" duration-ms="3625" status="PASS">
          <reporter-output>
          </reporter-output>
        </test-method> <!-- TC_LOGIN_006_loginWithBlankUsernameAndPassword -->
        <test-method is-config="true" signature="tearDown()[pri:0, instance:com.bankbot.tests.LoginTest@5fe94a96]" started-at="2026-05-08T10:52:37 IST" name="tearDown" finished-at="2026-05-08T10:52:38 IST" duration-ms="1031" status="PASS">
          <reporter-output>
          </reporter-output>
        </test-method> <!-- tearDown -->
        <test-method is-config="true" signature="setUp()[pri:0, instance:com.bankbot.tests.LoginTest@5fe94a96]" started-at="2026-05-08T10:52:38 IST" name="setUp" finished-at="2026-05-08T10:52:41 IST" duration-ms="3116" status="PASS">
          <reporter-output>
          </reporter-output>
        </test-method> <!-- setUp -->
        <test-method signature="TC_LOGIN_007_verifyLogoutFunctionality()[pri:0, instance:com.bankbot.tests.LoginTest@5fe94a96]" started-at="2026-05-08T10:52:41 IST" name="TC_LOGIN_007_verifyLogoutFunctionality" finished-at="2026-05-08T10:52:51 IST" duration-ms="10133" status="PASS">
          <reporter-output>
          </reporter-output>
        </test-method> <!-- TC_LOGIN_007_verifyLogoutFunctionality -->
        <test-method is-config="true" signature="tearDown()[pri:0, instance:com.bankbot.tests.LoginTest@5fe94a96]" started-at="2026-05-08T10:52:51 IST" name="tearDown" finished-at="2026-05-08T10:52:52 IST" duration-ms="548" status="PASS">
          <reporter-output>
          </reporter-output>
        </test-method> <!-- tearDown -->
        <test-method is-config="true" signature="setUp()[pri:0, instance:com.bankbot.tests.LoginTest@5fe94a96]" started-at="2026-05-08T10:52:52 IST" name="setUp" finished-at="2026-05-08T10:52:53 IST" duration-ms="1381" status="PASS">
          <reporter-output>
          </reporter-output>
        </test-method> <!-- setUp -->
        <test-method signature="TC_LOGIN_008_verifySessionExpiresAfterLogout()[pri:0, instance:com.bankbot.tests.LoginTest@5fe94a96]" started-at="2026-05-08T10:52:53 IST" name="TC_LOGIN_008_verifySessionExpiresAfterLogout" finished-at="2026-05-08T10:53:00 IST" duration-ms="6961" status="PASS">
          <reporter-output>
          </reporter-output>
        </test-method> <!-- TC_LOGIN_008_verifySessionExpiresAfterLogout -->
        <test-method is-config="true" signature="tearDown()[pri:0, instance:com.bankbot.tests.LoginTest@5fe94a96]" started-at="2026-05-08T10:53:00 IST" name="tearDown" finished-at="2026-05-08T10:53:00 IST" duration-ms="519" status="PASS">
          <reporter-output>
          </reporter-output>
        </test-method> <!-- tearDown -->
      </class> <!-- com.bankbot.tests.LoginTest -->
      <class name="com.bankbot.tests.FundTransferTest">
        <test-method is-config="true" signature="setUp()[pri:0, instance:com.bankbot.tests.FundTransferTest@639c2c1d]" started-at="2026-05-08T10:48:04 IST" name="setUp" finished-at="2026-05-08T10:48:06 IST" duration-ms="2097" status="PASS">
          <reporter-output>
          </reporter-output>
        </test-method> <!-- setUp -->
        <test-method signature="TC_FUND_001_transferFundsBetweenValidAccounts()[pri:0, instance:com.bankbot.tests.FundTransferTest@639c2c1d]" started-at="2026-05-08T10:48:06 IST" name="TC_FUND_001_transferFundsBetweenValidAccounts" finished-at="2026-05-08T10:48:43 IST" duration-ms="37111" status="PASS">
          <reporter-output>
          </reporter-output>
        </test-method> <!-- TC_FUND_001_transferFundsBetweenValidAccounts -->
        <test-method is-config="true" signature="tearDown()[pri:0, instance:com.bankbot.tests.FundTransferTest@639c2c1d]" started-at="2026-05-08T10:48:43 IST" name="tearDown" finished-at="2026-05-08T10:48:43 IST" duration-ms="458" status="PASS">
          <reporter-output>
          </reporter-output>
        </test-method> <!-- tearDown -->
        <test-method is-config="true" signature="setUp()[pri:0, instance:com.bankbot.tests.FundTransferTest@639c2c1d]" started-at="2026-05-08T10:48:43 IST" name="setUp" finished-at="2026-05-08T10:48:44 IST" duration-ms="1042" status="PASS">
          <reporter-output>
          </reporter-output>
        </test-method> <!-- setUp -->
        <test-method signature="TC_FUND_002_verifySuccessMessageAfterTransfer()[pri:0, instance:com.bankbot.tests.FundTransferTest@639c2c1d]" started-at="2026-05-08T10:48:44 IST" name="TC_FUND_002_verifySuccessMessageAfterTransfer" finished-at="2026-05-08T10:49:02 IST" duration-ms="17840" status="PASS">
          <reporter-output>
          </reporter-output>
        </test-method> <!-- TC_FUND_002_verifySuccessMessageAfterTransfer -->
        <test-method is-config="true" signature="tearDown()[pri:0, instance:com.bankbot.tests.FundTransferTest@639c2c1d]" started-at="2026-05-08T10:49:02 IST" name="tearDown" finished-at="2026-05-08T10:49:03 IST" duration-ms="430" status="PASS">
          <reporter-output>
          </reporter-output>
        </test-method> <!-- tearDown -->
        <test-method is-config="true" signature="setUp()[pri:0, instance:com.bankbot.tests.FundTransferTest@639c2c1d]" started-at="2026-05-08T10:49:03 IST" name="setUp" finished-at="2026-05-08T10:49:04 IST" duration-ms="1090" status="PASS">
          <reporter-output>
          </reporter-output>
        </test-method> <!-- setUp -->
        <test-method signature="TC_FUND_003_verifySenderBalanceUpdates()[pri:0, instance:com.bankbot.tests.FundTransferTest@639c2c1d]" started-at="2026-05-08T10:49:04 IST" name="TC_FUND_003_verifySenderBalanceUpdates" finished-at="2026-05-08T10:49:24 IST" duration-ms="19852" status="PASS">
          <reporter-output>
          </reporter-output>
        </test-method> <!-- TC_FUND_003_verifySenderBalanceUpdates -->
        <test-method is-config="true" signature="tearDown()[pri:0, instance:com.bankbot.tests.FundTransferTest@639c2c1d]" started-at="2026-05-08T10:49:24 IST" name="tearDown" finished-at="2026-05-08T10:49:25 IST" duration-ms="1323" status="PASS">
          <reporter-output>
          </reporter-output>
        </test-method> <!-- tearDown -->
        <test-method is-config="true" signature="setUp()[pri:0, instance:com.bankbot.tests.FundTransferTest@639c2c1d]" started-at="2026-05-08T10:49:25 IST" name="setUp" finished-at="2026-05-08T10:49:27 IST" duration-ms="1977" status="PASS">
          <reporter-output>
          </reporter-output>
        </test-method> <!-- setUp -->
        <test-method signature="TC_FUND_004_verifyReceiverBalanceUpdates()[pri:0, instance:com.bankbot.tests.FundTransferTest@639c2c1d]" started-at="2026-05-08T10:49:27 IST" name="TC_FUND_004_verifyReceiverBalanceUpdates" finished-at="2026-05-08T10:49:47 IST" duration-ms="19960" status="PASS">
          <reporter-output>
          </reporter-output>
        </test-method> <!-- TC_FUND_004_verifyReceiverBalanceUpdates -->
        <test-method is-config="true" signature="tearDown()[pri:0, instance:com.bankbot.tests.FundTransferTest@639c2c1d]" started-at="2026-05-08T10:49:47 IST" name="tearDown" finished-at="2026-05-08T10:49:47 IST" duration-ms="501" status="PASS">
          <reporter-output>
          </reporter-output>
        </test-method> <!-- tearDown -->
        <test-method is-config="true" signature="setUp()[pri:0, instance:com.bankbot.tests.FundTransferTest@639c2c1d]" started-at="2026-05-08T10:49:47 IST" name="setUp" finished-at="2026-05-08T10:49:50 IST" duration-ms="2258" status="PASS">
          <reporter-output>
          </reporter-output>
        </test-method> <!-- setUp -->
        <test-method signature="TC_FUND_005_transferAmountGreaterThanBalance()[pri:0, instance:com.bankbot.tests.FundTransferTest@639c2c1d]" started-at="2026-05-08T10:49:50 IST" name="TC_FUND_005_transferAmountGreaterThanBalance" finished-at="2026-05-08T10:50:13 IST" duration-ms="23088" status="PASS">
          <reporter-output>
          </reporter-output>
        </test-method> <!-- TC_FUND_005_transferAmountGreaterThanBalance -->
        <test-method is-config="true" signature="tearDown()[pri:0, instance:com.bankbot.tests.FundTransferTest@639c2c1d]" started-at="2026-05-08T10:50:13 IST" name="tearDown" finished-at="2026-05-08T10:50:14 IST" duration-ms="1051" status="PASS">
          <reporter-output>
          </reporter-output>
        </test-method> <!-- tearDown -->
        <test-method is-config="true" signature="setUp()[pri:0, instance:com.bankbot.tests.FundTransferTest@639c2c1d]" started-at="2026-05-08T10:50:14 IST" name="setUp" finished-at="2026-05-08T10:50:24 IST" duration-ms="10641" status="PASS">
          <reporter-output>
          </reporter-output>
        </test-method> <!-- setUp -->
        <test-method signature="TC_FUND_006_transferUsingInvalidPayeeAccount()[pri:0, instance:com.bankbot.tests.FundTransferTest@639c2c1d]" started-at="2026-05-08T10:50:24 IST" name="TC_FUND_006_transferUsingInvalidPayeeAccount" finished-at="2026-05-08T10:50:58 IST" duration-ms="33221" status="PASS">
          <reporter-output>
          </reporter-output>
        </test-method> <!-- TC_FUND_006_transferUsingInvalidPayeeAccount -->
        <test-method is-config="true" signature="tearDown()[pri:0, instance:com.bankbot.tests.FundTransferTest@639c2c1d]" started-at="2026-05-08T10:50:58 IST" name="tearDown" finished-at="2026-05-08T10:51:00 IST" duration-ms="2211" status="PASS">
          <reporter-output>
          </reporter-output>
        </test-method> <!-- tearDown -->
        <test-method is-config="true" signature="setUp()[pri:0, instance:com.bankbot.tests.FundTransferTest@639c2c1d]" started-at="2026-05-08T10:51:00 IST" name="setUp" finished-at="2026-05-08T10:51:02 IST" duration-ms="2251" status="PASS">
          <reporter-output>
          </reporter-output>
        </test-method> <!-- setUp -->
        <test-method signature="TC_FUND_007_transferNegativeAmount()[pri:0, instance:com.bankbot.tests.FundTransferTest@639c2c1d]" started-at="2026-05-08T10:51:02 IST" name="TC_FUND_007_transferNegativeAmount" finished-at="2026-05-08T10:51:37 IST" duration-ms="34619" status="PASS">
          <reporter-output>
          </reporter-output>
        </test-method> <!-- TC_FUND_007_transferNegativeAmount -->
        <test-method is-config="true" signature="tearDown()[pri:0, instance:com.bankbot.tests.FundTransferTest@639c2c1d]" started-at="2026-05-08T10:51:37 IST" name="tearDown" finished-at="2026-05-08T10:51:39 IST" duration-ms="1837" status="PASS">
          <reporter-output>
          </reporter-output>
        </test-method> <!-- tearDown -->
        <test-method is-config="true" signature="setUp()[pri:0, instance:com.bankbot.tests.FundTransferTest@639c2c1d]" started-at="2026-05-08T10:51:39 IST" name="setUp" finished-at="2026-05-08T10:51:41 IST" duration-ms="2220" status="PASS">
          <reporter-output>
          </reporter-output>
        </test-method> <!-- setUp -->
        <test-method signature="TC_FUND_008_transferWithBlankFields()[pri:0, instance:com.bankbot.tests.FundTransferTest@639c2c1d]" started-at="2026-05-08T10:51:41 IST" name="TC_FUND_008_transferWithBlankFields" finished-at="2026-05-08T10:51:48 IST" duration-ms="7583" status="PASS">
          <reporter-output>
          </reporter-output>
        </test-method> <!-- TC_FUND_008_transferWithBlankFields -->
        <test-method is-config="true" signature="tearDown()[pri:0, instance:com.bankbot.tests.FundTransferTest@639c2c1d]" started-at="2026-05-08T10:51:48 IST" name="tearDown" finished-at="2026-05-08T10:51:49 IST" duration-ms="651" status="PASS">
          <reporter-output>
          </reporter-output>
        </test-method> <!-- tearDown -->
      </class> <!-- com.bankbot.tests.FundTransferTest -->
      <class name="com.bankbot.tests.CustomerTest">
        <test-method is-config="true" signature="setUp()[pri:0, instance:com.bankbot.tests.CustomerTest@515c6049]" started-at="2026-05-08T10:46:01 IST" name="setUp" finished-at="2026-05-08T10:46:02 IST" duration-ms="715" status="PASS">
          <reporter-output>
          </reporter-output>
        </test-method> <!-- setUp -->
        <test-method signature="TC_CUST_001_createNewCustomerWithValidDetails()[pri:0, instance:com.bankbot.tests.CustomerTest@515c6049]" started-at="2026-05-08T10:46:02 IST" name="TC_CUST_001_createNewCustomerWithValidDetails" finished-at="2026-05-08T10:46:07 IST" duration-ms="5627" status="PASS">
          <reporter-output>
          </reporter-output>
        </test-method> <!-- TC_CUST_001_createNewCustomerWithValidDetails -->
        <test-method is-config="true" signature="tearDown()[pri:0, instance:com.bankbot.tests.CustomerTest@515c6049]" started-at="2026-05-08T10:46:07 IST" name="tearDown" finished-at="2026-05-08T10:46:08 IST" duration-ms="210" status="PASS">
          <reporter-output>
          </reporter-output>
        </test-method> <!-- tearDown -->
        <test-method is-config="true" signature="setUp()[pri:0, instance:com.bankbot.tests.CustomerTest@515c6049]" started-at="2026-05-08T10:46:08 IST" name="setUp" finished-at="2026-05-08T10:46:08 IST" duration-ms="798" status="PASS">
          <reporter-output>
          </reporter-output>
        </test-method> <!-- setUp -->
        <test-method signature="TC_CUST_002_verifySuccessMessageAfterCustomerCreation()[pri:0, instance:com.bankbot.tests.CustomerTest@515c6049]" started-at="2026-05-08T10:46:08 IST" name="TC_CUST_002_verifySuccessMessageAfterCustomerCreation" finished-at="2026-05-08T10:46:14 IST" duration-ms="5448" status="PASS">
          <reporter-output>
          </reporter-output>
        </test-method> <!-- TC_CUST_002_verifySuccessMessageAfterCustomerCreation -->
        <test-method is-config="true" signature="tearDown()[pri:0, instance:com.bankbot.tests.CustomerTest@515c6049]" started-at="2026-05-08T10:46:14 IST" name="tearDown" finished-at="2026-05-08T10:46:14 IST" duration-ms="208" status="PASS">
          <reporter-output>
          </reporter-output>
        </test-method> <!-- tearDown -->
        <test-method is-config="true" signature="setUp()[pri:0, instance:com.bankbot.tests.CustomerTest@515c6049]" started-at="2026-05-08T10:46:14 IST" name="setUp" finished-at="2026-05-08T10:46:15 IST" duration-ms="873" status="PASS">
          <reporter-output>
          </reporter-output>
        </test-method> <!-- setUp -->
        <test-method signature="TC_CUST_003_createCustomerWithExistingEmail()[pri:0, instance:com.bankbot.tests.CustomerTest@515c6049]" started-at="2026-05-08T10:46:15 IST" name="TC_CUST_003_createCustomerWithExistingEmail" finished-at="2026-05-08T10:46:26 IST" duration-ms="11348" status="PASS">
          <reporter-output>
          </reporter-output>
        </test-method> <!-- TC_CUST_003_createCustomerWithExistingEmail -->
        <test-method is-config="true" signature="tearDown()[pri:0, instance:com.bankbot.tests.CustomerTest@515c6049]" started-at="2026-05-08T10:46:26 IST" name="tearDown" finished-at="2026-05-08T10:46:26 IST" duration-ms="287" status="PASS">
          <reporter-output>
          </reporter-output>
        </test-method> <!-- tearDown -->
        <test-method is-config="true" signature="setUp()[pri:0, instance:com.bankbot.tests.CustomerTest@515c6049]" started-at="2026-05-08T10:46:26 IST" name="setUp" finished-at="2026-05-08T10:46:27 IST" duration-ms="880" status="PASS">
          <reporter-output>
          </reporter-output>
        </test-method> <!-- setUp -->
        <test-method signature="TC_CUST_004_createCustomerWithBlankMandatoryFields()[pri:0, instance:com.bankbot.tests.CustomerTest@515c6049]" started-at="2026-05-08T10:46:27 IST" name="TC_CUST_004_createCustomerWithBlankMandatoryFields" finished-at="2026-05-08T10:46:32 IST" duration-ms="4959" status="PASS">
          <reporter-output>
          </reporter-output>
        </test-method> <!-- TC_CUST_004_createCustomerWithBlankMandatoryFields -->
        <test-method is-config="true" signature="tearDown()[pri:0, instance:com.bankbot.tests.CustomerTest@515c6049]" started-at="2026-05-08T10:46:32 IST" name="tearDown" finished-at="2026-05-08T10:46:33 IST" duration-ms="257" status="PASS">
          <reporter-output>
          </reporter-output>
        </test-method> <!-- tearDown -->
        <test-method is-config="true" signature="setUp()[pri:0, instance:com.bankbot.tests.CustomerTest@515c6049]" started-at="2026-05-08T10:46:33 IST" name="setUp" finished-at="2026-05-08T10:46:33 IST" duration-ms="707" status="PASS">
          <reporter-output>
          </reporter-output>
        </test-method> <!-- setUp -->
        <test-method signature="TC_CUST_005_enterNumericValuesInCustomerName()[pri:0, instance:com.bankbot.tests.CustomerTest@515c6049]" started-at="2026-05-08T10:46:33 IST" name="TC_CUST_005_enterNumericValuesInCustomerName" finished-at="2026-05-08T10:46:40 IST" duration-ms="6676" status="PASS">
          <reporter-output>
          </reporter-output>
        </test-method> <!-- TC_CUST_005_enterNumericValuesInCustomerName -->
        <test-method is-config="true" signature="tearDown()[pri:0, instance:com.bankbot.tests.CustomerTest@515c6049]" started-at="2026-05-08T10:46:40 IST" name="tearDown" finished-at="2026-05-08T10:46:40 IST" duration-ms="401" status="PASS">
          <reporter-output>
          </reporter-output>
        </test-method> <!-- tearDown -->
        <test-method is-config="true" signature="setUp()[pri:0, instance:com.bankbot.tests.CustomerTest@515c6049]" started-at="2026-05-08T10:46:40 IST" name="setUp" finished-at="2026-05-08T10:46:41 IST" duration-ms="798" status="PASS">
          <reporter-output>
          </reporter-output>
        </test-method> <!-- setUp -->
        <test-method signature="TC_CUST_006_enterSpecialCharactersInCustomerName()[pri:0, instance:com.bankbot.tests.CustomerTest@515c6049]" started-at="2026-05-08T10:46:41 IST" name="TC_CUST_006_enterSpecialCharactersInCustomerName" finished-at="2026-05-08T10:46:48 IST" duration-ms="7275" status="PASS">
          <reporter-output>
          </reporter-output>
        </test-method> <!-- TC_CUST_006_enterSpecialCharactersInCustomerName -->
        <test-method is-config="true" signature="tearDown()[pri:0, instance:com.bankbot.tests.CustomerTest@515c6049]" started-at="2026-05-08T10:46:48 IST" name="tearDown" finished-at="2026-05-08T10:46:49 IST" duration-ms="240" status="PASS">
          <reporter-output>
          </reporter-output>
        </test-method> <!-- tearDown -->
        <test-method is-config="true" signature="setUp()[pri:0, instance:com.bankbot.tests.CustomerTest@515c6049]" started-at="2026-05-08T10:46:49 IST" name="setUp" finished-at="2026-05-08T10:46:50 IST" duration-ms="861" status="PASS">
          <reporter-output>
          </reporter-output>
        </test-method> <!-- setUp -->
        <test-method signature="TC_CUST_007_verifyFutureDobIsNotAccepted()[pri:0, instance:com.bankbot.tests.CustomerTest@515c6049]" started-at="2026-05-08T10:46:50 IST" name="TC_CUST_007_verifyFutureDobIsNotAccepted" finished-at="2026-05-08T10:46:56 IST" duration-ms="6679" status="PASS">
          <reporter-output>
          </reporter-output>
        </test-method> <!-- TC_CUST_007_verifyFutureDobIsNotAccepted -->
        <test-method is-config="true" signature="tearDown()[pri:0, instance:com.bankbot.tests.CustomerTest@515c6049]" started-at="2026-05-08T10:46:56 IST" name="tearDown" finished-at="2026-05-08T10:46:57 IST" duration-ms="703" status="PASS">
          <reporter-output>
          </reporter-output>
        </test-method> <!-- tearDown -->
        <test-method is-config="true" signature="setUp()[pri:0, instance:com.bankbot.tests.CustomerTest@515c6049]" started-at="2026-05-08T10:46:57 IST" name="setUp" finished-at="2026-05-08T10:46:58 IST" duration-ms="952" status="PASS">
          <reporter-output>
          </reporter-output>
        </test-method> <!-- setUp -->
        <test-method signature="TC_CUST_008_editExistingCustomerAddress()[pri:0, instance:com.bankbot.tests.CustomerTest@515c6049]" started-at="2026-05-08T10:46:58 IST" name="TC_CUST_008_editExistingCustomerAddress" finished-at="2026-05-08T10:47:16 IST" duration-ms="18187" status="PASS">
          <reporter-output>
          </reporter-output>
        </test-method> <!-- TC_CUST_008_editExistingCustomerAddress -->
        <test-method is-config="true" signature="tearDown()[pri:0, instance:com.bankbot.tests.CustomerTest@515c6049]" started-at="2026-05-08T10:47:16 IST" name="tearDown" finished-at="2026-05-08T10:47:20 IST" duration-ms="3818" status="PASS">
          <reporter-output>
          </reporter-output>
        </test-method> <!-- tearDown -->
        <test-method is-config="true" signature="setUp()[pri:0, instance:com.bankbot.tests.CustomerTest@515c6049]" started-at="2026-05-08T10:47:20 IST" name="setUp" finished-at="2026-05-08T10:47:23 IST" duration-ms="3145" status="PASS">
          <reporter-output>
          </reporter-output>
        </test-method> <!-- setUp -->
        <test-method signature="TC_CUST_009_editCustomerCityAndState()[pri:0, instance:com.bankbot.tests.CustomerTest@515c6049]" started-at="2026-05-08T10:47:23 IST" name="TC_CUST_009_editCustomerCityAndState" finished-at="2026-05-08T10:47:39 IST" duration-ms="15453" status="PASS">
          <reporter-output>
          </reporter-output>
        </test-method> <!-- TC_CUST_009_editCustomerCityAndState -->
        <test-method is-config="true" signature="tearDown()[pri:0, instance:com.bankbot.tests.CustomerTest@515c6049]" started-at="2026-05-08T10:47:39 IST" name="tearDown" finished-at="2026-05-08T10:47:40 IST" duration-ms="1091" status="PASS">
          <reporter-output>
          </reporter-output>
        </test-method> <!-- tearDown -->
        <test-method is-config="true" signature="setUp()[pri:0, instance:com.bankbot.tests.CustomerTest@515c6049]" started-at="2026-05-08T10:47:40 IST" name="setUp" finished-at="2026-05-08T10:47:41 IST" duration-ms="1455" status="PASS">
          <reporter-output>
          </reporter-output>
        </test-method> <!-- setUp -->
        <test-method signature="TC_CUST_010_deleteExistingCustomer()[pri:0, instance:com.bankbot.tests.CustomerTest@515c6049]" started-at="2026-05-08T10:47:41 IST" name="TC_CUST_010_deleteExistingCustomer" finished-at="2026-05-08T10:48:03 IST" duration-ms="21692" status="PASS">
          <reporter-output>
          </reporter-output>
        </test-method> <!-- TC_CUST_010_deleteExistingCustomer -->
        <test-method is-config="true" signature="tearDown()[pri:0, instance:com.bankbot.tests.CustomerTest@515c6049]" started-at="2026-05-08T10:48:03 IST" name="tearDown" finished-at="2026-05-08T10:48:04 IST" duration-ms="811" status="PASS">
          <reporter-output>
          </reporter-output>
        </test-method> <!-- tearDown -->
      </class> <!-- com.bankbot.tests.CustomerTest -->
      <class name="com.bankbot.tests.ValidationTest">
        <test-method is-config="true" signature="setUp()[pri:0, instance:com.bankbot.tests.ValidationTest@443118b0]" started-at="2026-05-08T10:53:00 IST" name="setUp" finished-at="2026-05-08T10:53:02 IST" duration-ms="1398" status="PASS">
          <reporter-output>
          </reporter-output>
        </test-method> <!-- setUp -->
        <test-method signature="TC_VAL_001_submitNewCustomerFormWithEmptyFields()[pri:0, instance:com.bankbot.tests.ValidationTest@443118b0]" started-at="2026-05-08T10:53:02 IST" name="TC_VAL_001_submitNewCustomerFormWithEmptyFields" finished-at="2026-05-08T10:53:08 IST" duration-ms="6513" status="PASS">
          <reporter-output>
          </reporter-output>
        </test-method> <!-- TC_VAL_001_submitNewCustomerFormWithEmptyFields -->
        <test-method is-config="true" signature="tearDown()[pri:0, instance:com.bankbot.tests.ValidationTest@443118b0]" started-at="2026-05-08T10:53:08 IST" name="tearDown" finished-at="2026-05-08T10:53:10 IST" duration-ms="1474" status="PASS">
          <reporter-output>
          </reporter-output>
        </test-method> <!-- tearDown -->
        <test-method is-config="true" signature="setUp()[pri:0, instance:com.bankbot.tests.ValidationTest@443118b0]" started-at="2026-05-08T10:53:10 IST" name="setUp" finished-at="2026-05-08T10:53:12 IST" duration-ms="2455" status="PASS">
          <reporter-output>
          </reporter-output>
        </test-method> <!-- setUp -->
        <test-method signature="TC_VAL_002_enterAlphabetsInNumericFields()[pri:0, instance:com.bankbot.tests.ValidationTest@443118b0]" started-at="2026-05-08T10:53:12 IST" name="TC_VAL_002_enterAlphabetsInNumericFields" finished-at="2026-05-08T10:53:23 IST" duration-ms="10982" status="PASS">
          <reporter-output>
          </reporter-output>
        </test-method> <!-- TC_VAL_002_enterAlphabetsInNumericFields -->
        <test-method is-config="true" signature="tearDown()[pri:0, instance:com.bankbot.tests.ValidationTest@443118b0]" started-at="2026-05-08T10:53:23 IST" name="tearDown" finished-at="2026-05-08T10:53:26 IST" duration-ms="2599" status="PASS">
          <reporter-output>
          </reporter-output>
        </test-method> <!-- tearDown -->
        <test-method is-config="true" signature="setUp()[pri:0, instance:com.bankbot.tests.ValidationTest@443118b0]" started-at="2026-05-08T10:53:26 IST" name="setUp" finished-at="2026-05-08T10:53:27 IST" duration-ms="1280" status="PASS">
          <reporter-output>
          </reporter-output>
        </test-method> <!-- setUp -->
        <test-method signature="TC_VAL_003_enterSpecialCharactersInPhoneNumber()[pri:0, instance:com.bankbot.tests.ValidationTest@443118b0]" started-at="2026-05-08T10:53:27 IST" name="TC_VAL_003_enterSpecialCharactersInPhoneNumber" finished-at="2026-05-08T10:53:38 IST" duration-ms="11414" status="PASS">
          <reporter-output>
          </reporter-output>
        </test-method> <!-- TC_VAL_003_enterSpecialCharactersInPhoneNumber -->
        <test-method is-config="true" signature="tearDown()[pri:0, instance:com.bankbot.tests.ValidationTest@443118b0]" started-at="2026-05-08T10:53:38 IST" name="tearDown" finished-at="2026-05-08T10:53:39 IST" duration-ms="591" status="PASS">
          <reporter-output>
          </reporter-output>
        </test-method> <!-- tearDown -->
        <test-method is-config="true" signature="setUp()[pri:0, instance:com.bankbot.tests.ValidationTest@443118b0]" started-at="2026-05-08T10:53:39 IST" name="setUp" finished-at="2026-05-08T10:53:41 IST" duration-ms="1913" status="PASS">
          <reporter-output>
          </reporter-output>
        </test-method> <!-- setUp -->
        <test-method signature="TC_VAL_004_enterInvalidEmailFormat()[pri:0, instance:com.bankbot.tests.ValidationTest@443118b0]" started-at="2026-05-08T10:53:41 IST" name="TC_VAL_004_enterInvalidEmailFormat" finished-at="2026-05-08T10:53:51 IST" duration-ms="10378" status="PASS">
          <reporter-output>
          </reporter-output>
        </test-method> <!-- TC_VAL_004_enterInvalidEmailFormat -->
        <test-method is-config="true" signature="tearDown()[pri:0, instance:com.bankbot.tests.ValidationTest@443118b0]" started-at="2026-05-08T10:53:51 IST" name="tearDown" finished-at="2026-05-08T10:53:52 IST" duration-ms="555" status="PASS">
          <reporter-output>
          </reporter-output>
        </test-method> <!-- tearDown -->
        <test-method is-config="true" signature="setUp()[pri:0, instance:com.bankbot.tests.ValidationTest@443118b0]" started-at="2026-05-08T10:53:52 IST" name="setUp" finished-at="2026-05-08T10:53:53 IST" duration-ms="1093" status="PASS">
          <reporter-output>
          </reporter-output>
        </test-method> <!-- setUp -->
        <test-method signature="TC_VAL_005_enterFutureDob()[pri:0, instance:com.bankbot.tests.ValidationTest@443118b0]" started-at="2026-05-08T10:53:53 IST" name="TC_VAL_005_enterFutureDob" finished-at="2026-05-08T10:54:05 IST" duration-ms="12343" status="PASS">
          <reporter-output>
          </reporter-output>
        </test-method> <!-- TC_VAL_005_enterFutureDob -->
        <test-method is-config="true" signature="tearDown()[pri:0, instance:com.bankbot.tests.ValidationTest@443118b0]" started-at="2026-05-08T10:54:05 IST" name="tearDown" finished-at="2026-05-08T10:54:06 IST" duration-ms="709" status="PASS">
          <reporter-output>
          </reporter-output>
        </test-method> <!-- tearDown -->
        <test-method is-config="true" signature="setUp()[pri:0, instance:com.bankbot.tests.ValidationTest@443118b0]" started-at="2026-05-08T10:54:06 IST" name="setUp" finished-at="2026-05-08T10:54:08 IST" duration-ms="1456" status="PASS">
          <reporter-output>
          </reporter-output>
        </test-method> <!-- setUp -->
        <test-method signature="TC_VAL_006_submitAccountCreationWithoutCustomerId()[pri:0, instance:com.bankbot.tests.ValidationTest@443118b0]" started-at="2026-05-08T10:54:08 IST" name="TC_VAL_006_submitAccountCreationWithoutCustomerId" finished-at="2026-05-08T10:54:15 IST" duration-ms="7697" status="PASS">
          <reporter-output>
          </reporter-output>
        </test-method> <!-- TC_VAL_006_submitAccountCreationWithoutCustomerId -->
        <test-method is-config="true" signature="tearDown()[pri:0, instance:com.bankbot.tests.ValidationTest@443118b0]" started-at="2026-05-08T10:54:15 IST" name="tearDown" finished-at="2026-05-08T10:54:16 IST" duration-ms="703" status="PASS">
          <reporter-output>
          </reporter-output>
        </test-method> <!-- tearDown -->
        <test-method is-config="true" signature="setUp()[pri:0, instance:com.bankbot.tests.ValidationTest@443118b0]" started-at="2026-05-08T10:54:16 IST" name="setUp" finished-at="2026-05-08T10:54:17 IST" duration-ms="1129" status="PASS">
          <reporter-output>
          </reporter-output>
        </test-method> <!-- setUp -->
        <test-method signature="TC_VAL_007_enterSpacesOnlyInMandatoryFields()[pri:0, instance:com.bankbot.tests.ValidationTest@443118b0]" started-at="2026-05-08T10:54:17 IST" name="TC_VAL_007_enterSpacesOnlyInMandatoryFields" finished-at="2026-05-08T10:54:28 IST" duration-ms="11057" status="PASS">
          <reporter-output>
          </reporter-output>
        </test-method> <!-- TC_VAL_007_enterSpacesOnlyInMandatoryFields -->
        <test-method is-config="true" signature="tearDown()[pri:0, instance:com.bankbot.tests.ValidationTest@443118b0]" started-at="2026-05-08T10:54:28 IST" name="tearDown" finished-at="2026-05-08T10:54:29 IST" duration-ms="483" status="PASS">
          <reporter-output>
          </reporter-output>
        </test-method> <!-- tearDown -->
        <test-method is-config="true" signature="setUp()[pri:0, instance:com.bankbot.tests.ValidationTest@443118b0]" started-at="2026-05-08T10:54:29 IST" name="setUp" finished-at="2026-05-08T10:54:31 IST" duration-ms="2245" status="PASS">
          <reporter-output>
          </reporter-output>
        </test-method> <!-- setUp -->
        <test-method signature="TC_VAL_008_verifyResetButtonClearsForm()[pri:0, instance:com.bankbot.tests.ValidationTest@443118b0]" started-at="2026-05-08T10:54:31 IST" name="TC_VAL_008_verifyResetButtonClearsForm" finished-at="2026-05-08T10:54:46 IST" duration-ms="15023" status="PASS">
          <reporter-output>
          </reporter-output>
        </test-method> <!-- TC_VAL_008_verifyResetButtonClearsForm -->
        <test-method is-config="true" signature="tearDown()[pri:0, instance:com.bankbot.tests.ValidationTest@443118b0]" started-at="2026-05-08T10:54:46 IST" name="tearDown" finished-at="2026-05-08T10:54:46 IST" duration-ms="460" status="PASS">
          <reporter-output>
          </reporter-output>
        </test-method> <!-- tearDown -->
      </class> <!-- com.bankbot.tests.ValidationTest -->
      <class name="com.bankbot.tests.AccountTest">
        <test-method is-config="true" signature="setUp()[pri:0, instance:com.bankbot.tests.AccountTest@689604d9]" started-at="2026-05-08T10:44:32 IST" name="setUp" finished-at="2026-05-08T10:44:37 IST" duration-ms="4556" status="PASS">
          <reporter-output>
          </reporter-output>
        </test-method> <!-- setUp -->
        <test-method signature="TC_ACC_001_createNewAccountWithValidCustomerId()[pri:0, instance:com.bankbot.tests.AccountTest@689604d9]" started-at="2026-05-08T10:44:37 IST" name="TC_ACC_001_createNewAccountWithValidCustomerId" finished-at="2026-05-08T10:44:45 IST" duration-ms="8286" status="PASS">
          <reporter-output>
          </reporter-output>
        </test-method> <!-- TC_ACC_001_createNewAccountWithValidCustomerId -->
        <test-method is-config="true" signature="tearDown()[pri:0, instance:com.bankbot.tests.AccountTest@689604d9]" started-at="2026-05-08T10:44:45 IST" name="tearDown" finished-at="2026-05-08T10:44:45 IST" duration-ms="215" status="PASS">
          <reporter-output>
          </reporter-output>
        </test-method> <!-- tearDown -->
        <test-method is-config="true" signature="setUp()[pri:0, instance:com.bankbot.tests.AccountTest@689604d9]" started-at="2026-05-08T10:44:45 IST" name="setUp" finished-at="2026-05-08T10:44:46 IST" duration-ms="918" status="PASS">
          <reporter-output>
          </reporter-output>
        </test-method> <!-- setUp -->
        <test-method signature="TC_ACC_002_verifyAccountAppearsInAccountList()[pri:0, instance:com.bankbot.tests.AccountTest@689604d9]" started-at="2026-05-08T10:44:46 IST" name="TC_ACC_002_verifyAccountAppearsInAccountList" finished-at="2026-05-08T10:44:54 IST" duration-ms="8111" status="PASS">
          <reporter-output>
          </reporter-output>
        </test-method> <!-- TC_ACC_002_verifyAccountAppearsInAccountList -->
        <test-method is-config="true" signature="tearDown()[pri:0, instance:com.bankbot.tests.AccountTest@689604d9]" started-at="2026-05-08T10:44:54 IST" name="tearDown" finished-at="2026-05-08T10:44:54 IST" duration-ms="207" status="PASS">
          <reporter-output>
          </reporter-output>
        </test-method> <!-- tearDown -->
        <test-method is-config="true" signature="setUp()[pri:0, instance:com.bankbot.tests.AccountTest@689604d9]" started-at="2026-05-08T10:44:54 IST" name="setUp" finished-at="2026-05-08T10:44:55 IST" duration-ms="896" status="PASS">
          <reporter-output>
          </reporter-output>
        </test-method> <!-- setUp -->
        <test-method signature="TC_ACC_003_createAccountWithInvalidCustomerId()[pri:0, instance:com.bankbot.tests.AccountTest@689604d9]" started-at="2026-05-08T10:44:55 IST" name="TC_ACC_003_createAccountWithInvalidCustomerId" finished-at="2026-05-08T10:45:00 IST" duration-ms="5086" status="PASS">
          <reporter-output>
          </reporter-output>
        </test-method> <!-- TC_ACC_003_createAccountWithInvalidCustomerId -->
        <test-method is-config="true" signature="tearDown()[pri:0, instance:com.bankbot.tests.AccountTest@689604d9]" started-at="2026-05-08T10:45:00 IST" name="tearDown" finished-at="2026-05-08T10:45:01 IST" duration-ms="199" status="PASS">
          <reporter-output>
          </reporter-output>
        </test-method> <!-- tearDown -->
        <test-method is-config="true" signature="setUp()[pri:0, instance:com.bankbot.tests.AccountTest@689604d9]" started-at="2026-05-08T10:45:01 IST" name="setUp" finished-at="2026-05-08T10:45:01 IST" duration-ms="834" status="PASS">
          <reporter-output>
          </reporter-output>
        </test-method> <!-- setUp -->
        <test-method signature="TC_ACC_004_createAccountWithoutInitialDeposit()[pri:0, instance:com.bankbot.tests.AccountTest@689604d9]" started-at="2026-05-08T10:45:01 IST" name="TC_ACC_004_createAccountWithoutInitialDeposit" finished-at="2026-05-08T10:45:09 IST" duration-ms="8094" status="PASS">
          <reporter-output>
          </reporter-output>
        </test-method> <!-- TC_ACC_004_createAccountWithoutInitialDeposit -->
        <test-method is-config="true" signature="tearDown()[pri:0, instance:com.bankbot.tests.AccountTest@689604d9]" started-at="2026-05-08T10:45:09 IST" name="tearDown" finished-at="2026-05-08T10:45:10 IST" duration-ms="164" status="PASS">
          <reporter-output>
          </reporter-output>
        </test-method> <!-- tearDown -->
        <test-method is-config="true" signature="setUp()[pri:0, instance:com.bankbot.tests.AccountTest@689604d9]" started-at="2026-05-08T10:45:10 IST" name="setUp" finished-at="2026-05-08T10:45:10 IST" duration-ms="813" status="PASS">
          <reporter-output>
          </reporter-output>
        </test-method> <!-- setUp -->
        <test-method signature="TC_ACC_005_editAccountType()[pri:0, instance:com.bankbot.tests.AccountTest@689604d9]" started-at="2026-05-08T10:45:10 IST" name="TC_ACC_005_editAccountType" finished-at="2026-05-08T10:45:23 IST" duration-ms="12379" status="PASS">
          <reporter-output>
          </reporter-output>
        </test-method> <!-- TC_ACC_005_editAccountType -->
        <test-method is-config="true" signature="tearDown()[pri:0, instance:com.bankbot.tests.AccountTest@689604d9]" started-at="2026-05-08T10:45:23 IST" name="tearDown" finished-at="2026-05-08T10:45:23 IST" duration-ms="208" status="PASS">
          <reporter-output>
          </reporter-output>
        </test-method> <!-- tearDown -->
        <test-method is-config="true" signature="setUp()[pri:0, instance:com.bankbot.tests.AccountTest@689604d9]" started-at="2026-05-08T10:45:23 IST" name="setUp" finished-at="2026-05-08T10:45:24 IST" duration-ms="870" status="PASS">
          <reporter-output>
          </reporter-output>
        </test-method> <!-- setUp -->
        <test-method signature="TC_ACC_006_verifyAccountDetailsAfterUpdate()[pri:0, instance:com.bankbot.tests.AccountTest@689604d9]" started-at="2026-05-08T10:45:24 IST" name="TC_ACC_006_verifyAccountDetailsAfterUpdate" finished-at="2026-05-08T10:45:37 IST" duration-ms="13135" status="PASS">
          <reporter-output>
          </reporter-output>
        </test-method> <!-- TC_ACC_006_verifyAccountDetailsAfterUpdate -->
        <test-method is-config="true" signature="tearDown()[pri:0, instance:com.bankbot.tests.AccountTest@689604d9]" started-at="2026-05-08T10:45:37 IST" name="tearDown" finished-at="2026-05-08T10:45:37 IST" duration-ms="175" status="PASS">
          <reporter-output>
          </reporter-output>
        </test-method> <!-- tearDown -->
        <test-method is-config="true" signature="setUp()[pri:0, instance:com.bankbot.tests.AccountTest@689604d9]" started-at="2026-05-08T10:45:37 IST" name="setUp" finished-at="2026-05-08T10:45:38 IST" duration-ms="938" status="PASS">
          <reporter-output>
          </reporter-output>
        </test-method> <!-- setUp -->
        <test-method signature="TC_ACC_007_createMultipleAccountsForSameCustomer()[pri:0, instance:com.bankbot.tests.AccountTest@689604d9]" started-at="2026-05-08T10:45:38 IST" name="TC_ACC_007_createMultipleAccountsForSameCustomer" finished-at="2026-05-08T10:45:49 IST" duration-ms="10634" status="PASS">
          <reporter-output>
          </reporter-output>
        </test-method> <!-- TC_ACC_007_createMultipleAccountsForSameCustomer -->
        <test-method is-config="true" signature="tearDown()[pri:0, instance:com.bankbot.tests.AccountTest@689604d9]" started-at="2026-05-08T10:45:49 IST" name="tearDown" finished-at="2026-05-08T10:45:49 IST" duration-ms="214" status="PASS">
          <reporter-output>
          </reporter-output>
        </test-method> <!-- tearDown -->
        <test-method is-config="true" signature="setUp()[pri:0, instance:com.bankbot.tests.AccountTest@689604d9]" started-at="2026-05-08T10:45:49 IST" name="setUp" finished-at="2026-05-08T10:45:50 IST" duration-ms="954" status="PASS">
          <reporter-output>
          </reporter-output>
        </test-method> <!-- setUp -->
        <test-method signature="TC_ACC_008_verifyAccountNumberUniqueness()[pri:0, instance:com.bankbot.tests.AccountTest@689604d9]" started-at="2026-05-08T10:45:50 IST" name="TC_ACC_008_verifyAccountNumberUniqueness" finished-at="2026-05-08T10:46:01 IST" duration-ms="10818" status="PASS">
          <reporter-output>
          </reporter-output>
        </test-method> <!-- TC_ACC_008_verifyAccountNumberUniqueness -->
        <test-method is-config="true" signature="tearDown()[pri:0, instance:com.bankbot.tests.AccountTest@689604d9]" started-at="2026-05-08T10:46:01 IST" name="tearDown" finished-at="2026-05-08T10:46:01 IST" duration-ms="210" status="PASS">
          <reporter-output>
          </reporter-output>
        </test-method> <!-- tearDown -->
      </class> <!-- com.bankbot.tests.AccountTest -->
    </test> <!-- Regression Tests -->
  </suite> <!-- BOT-BANK Automation Suite -->
</testng-results>
