<?xml version="1.0" encoding="UTF-8"?>
<testsuite xmlns:xsi="http://www.w3.org/2001/XMLSchema-instance" xsi:noNamespaceSchemaLocation="https://maven.apache.org/surefire/maven-surefire-plugin/xsd/surefire-test-report.xsd" version="3.0.2" name="TestSuite" time="619.971" tests="42" errors="0" skipped="0" failures="0">
  <properties>
[...]
</properties>
  <testcase name="TC_ACC_001_createNewAccountWithValidCustomerId" classname="com.bankbot.tests.AccountTest" time="8.291">
    <system-err><![CDATA[[main] INFO io.github.bonigarcia.wdm.WebDriverManager - Using chromedriver 147.0.7727.117 (resolved driver for Chrome 147)
[main] INFO io.github.bonigarcia.wdm.WebDriverManager - Exporting webdriver.chrome.driver as C:\Users\surek\.cache\selenium\chromedriver\win64\147.0.7727.117\chromedriver.exe
]]></system-err>
  </testcase>
  <testcase name="TC_ACC_002_verifyAccountAppearsInAccountList" classname="com.bankbot.tests.AccountTest" time="8.111"/>
  <testcase name="TC_ACC_003_createAccountWithInvalidCustomerId" classname="com.bankbot.tests.AccountTest" time="5.085"/>
  <testcase name="TC_ACC_004_createAccountWithoutInitialDeposit" classname="com.bankbot.tests.AccountTest" time="8.094"/>
  <testcase name="TC_ACC_005_editAccountType" classname="com.bankbot.tests.AccountTest" time="12.379"/>
  <testcase name="TC_ACC_006_verifyAccountDetailsAfterUpdate" classname="com.bankbot.tests.AccountTest" time="13.135"/>
  <testcase name="TC_ACC_007_createMultipleAccountsForSameCustomer" classname="com.bankbot.tests.AccountTest" time="10.635"/>
  <testcase name="TC_ACC_008_verifyAccountNumberUniqueness" classname="com.bankbot.tests.AccountTest" time="10.821"/>
  <testcase name="TC_CUST_001_createNewCustomerWithValidDetails" classname="com.bankbot.tests.CustomerTest" time="5.628"/>
  <testcase name="TC_CUST_002_verifySuccessMessageAfterCustomerCreation" classname="com.bankbot.tests.CustomerTest" time="5.444"/>
  <testcase name="TC_CUST_003_createCustomerWithExistingEmail" classname="com.bankbot.tests.CustomerTest" time="11.349"/>
  <testcase name="TC_CUST_004_createCustomerWithBlankMandatoryFields" classname="com.bankbot.tests.CustomerTest" time="4.96"/>
  <testcase name="TC_CUST_005_enterNumericValuesInCustomerName" classname="com.bankbot.tests.CustomerTest" time="6.676"/>
  <testcase name="TC_CUST_006_enterSpecialCharactersInCustomerName" classname="com.bankbot.tests.CustomerTest" time="7.276"/>
  <testcase name="TC_CUST_007_verifyFutureDobIsNotAccepted" classname="com.bankbot.tests.CustomerTest" time="6.688"/>
  <testcase name="TC_CUST_008_editExistingCustomerAddress" classname="com.bankbot.tests.CustomerTest" time="18.189"/>
  <testcase name="TC_CUST_009_editCustomerCityAndState" classname="com.bankbot.tests.CustomerTest" time="15.454"/>
  <testcase name="TC_CUST_010_deleteExistingCustomer" classname="com.bankbot.tests.CustomerTest" time="21.694"/>
  <testcase name="TC_FUND_001_transferFundsBetweenValidAccounts" classname="com.bankbot.tests.FundTransferTest" time="37.111"/>
  <testcase name="TC_FUND_002_verifySuccessMessageAfterTransfer" classname="com.bankbot.tests.FundTransferTest" time="17.841"/>
  <testcase name="TC_FUND_003_verifySenderBalanceUpdates" classname="com.bankbot.tests.FundTransferTest" time="19.852"/>
  <testcase name="TC_FUND_004_verifyReceiverBalanceUpdates" classname="com.bankbot.tests.FundTransferTest" time="19.96"/>
  <testcase name="TC_FUND_005_transferAmountGreaterThanBalance" classname="com.bankbot.tests.FundTransferTest" time="23.102"/>
  <testcase name="TC_FUND_006_transferUsingInvalidPayeeAccount" classname="com.bankbot.tests.FundTransferTest" time="33.157"/>
  <testcase name="TC_FUND_007_transferNegativeAmount" classname="com.bankbot.tests.FundTransferTest" time="34.694"/>
  <testcase name="TC_FUND_008_transferWithBlankFields" classname="com.bankbot.tests.FundTransferTest" time="7.583"/>
  <testcase name="TC_LOGIN_001_loginWithValidManagerCredentials" classname="com.bankbot.tests.LoginTest" time="7.633"/>
  <testcase name="TC_LOGIN_002_loginWithInvalidUsername" classname="com.bankbot.tests.LoginTest" time="3.373"/>
  <testcase name="TC_LOGIN_003_loginWithInvalidPassword" classname="com.bankbot.tests.LoginTest" time="4.439"/>
  <testcase name="TC_LOGIN_004_loginWithBlankUsername" classname="com.bankbot.tests.LoginTest" time="5.374"/>
  <testcase name="TC_LOGIN_005_loginWithBlankPassword" classname="com.bankbot.tests.LoginTest" time="3.945"/>
  <testcase name="TC_LOGIN_006_loginWithBlankUsernameAndPassword" classname="com.bankbot.tests.LoginTest" time="3.625"/>
  <testcase name="TC_LOGIN_007_verifyLogoutFunctionality" classname="com.bankbot.tests.LoginTest" time="10.133"/>
  <testcase name="TC_LOGIN_008_verifySessionExpiresAfterLogout" classname="com.bankbot.tests.LoginTest" time="6.959"/>
  <testcase name="TC_VAL_001_submitNewCustomerFormWithEmptyFields" classname="com.bankbot.tests.ValidationTest" time="6.514"/>
  <testcase name="TC_VAL_002_enterAlphabetsInNumericFields" classname="com.bankbot.tests.ValidationTest" time="10.983"/>
  <testcase name="TC_VAL_003_enterSpecialCharactersInPhoneNumber" classname="com.bankbot.tests.ValidationTest" time="11.413"/>
  <testcase name="TC_VAL_004_enterInvalidEmailFormat" classname="com.bankbot.tests.ValidationTest" time="10.378"/>
  <testcase name="TC_VAL_005_enterFutureDob" classname="com.bankbot.tests.ValidationTest" time="12.343"/>
  <testcase name="TC_VAL_006_submitAccountCreationWithoutCustomerId" classname="com.bankbot.tests.ValidationTest" time="7.698"/>
  <testcase name="TC_VAL_007_enterSpacesOnlyInMandatoryFields" classname="com.bankbot.tests.ValidationTest" time="11.058"/>
  <testcase name="TC_VAL_008_verifyResetButtonClearsForm" classname="com.bankbot.tests.ValidationTest" time="15.024"/>
</testsuite>