<?xml version="1.0" encoding="UTF-8"?>
<!-- Generated by org.testng.reporters.JUnitReportReporter -->
<testsuite hostname="KOWSIKAN" failures="0" tests="8" name="com.bankbot.tests.AccountTest" time="88.914" errors="0" timestamp="2026-05-08T10:54:51 IST" skipped="0">
  <testcase classname="com.bankbot.tests.AccountTest" name="TC_ACC_006_verifyAccountDetailsAfterUpdate" time="14.206"/>
  <testcase classname="com.bankbot.tests.AccountTest" name="TC_ACC_008_verifyAccountNumberUniqueness" time="11.979"/>
  <testcase classname="com.bankbot.tests.AccountTest" name="TC_ACC_004_createAccountWithoutInitialDeposit" time="9.142"/>
  <testcase classname="com.bankbot.tests.AccountTest" name="TC_ACC_005_editAccountType" time="13.464"/>
  <testcase classname="com.bankbot.tests.AccountTest" name="TC_ACC_003_createAccountWithInvalidCustomerId" time="6.223"/>
  <testcase classname="com.bankbot.tests.AccountTest" name="TC_ACC_007_createMultipleAccountsForSameCustomer" time="11.657"/>
  <testcase classname="com.bankbot.tests.AccountTest" name="TC_ACC_002_verifyAccountAppearsInAccountList" time="12.875"/>
  <testcase classname="com.bankbot.tests.AccountTest" name="TC_ACC_001_createNewAccountWithValidCustomerId" time="9.368"/>
</testsuite> <!-- com.bankbot.tests.AccountTest -->
