<?xml version="1.0" encoding="UTF-8"?>
<!-- Generated by org.testng.reporters.JUnitReportReporter -->
<testsuite hostname="KOWSIKAN" failures="0" tests="8" name="com.bankbot.tests.ValidationTest" time="105.950" errors="0" timestamp="2026-05-08T10:54:51 IST" skipped="0">
  <testcase classname="com.bankbot.tests.ValidationTest" name="TC_VAL_001_submitNewCustomerFormWithEmptyFields" time="8.502"/>
  <testcase classname="com.bankbot.tests.ValidationTest" name="TC_VAL_003_enterSpecialCharactersInPhoneNumber" time="14.801"/>
  <testcase classname="com.bankbot.tests.ValidationTest" name="TC_VAL_008_verifyResetButtonClearsForm" time="17.938"/>
  <testcase classname="com.bankbot.tests.ValidationTest" name="TC_VAL_007_enterSpacesOnlyInMandatoryFields" time="13.068"/>
  <testcase classname="com.bankbot.tests.ValidationTest" name="TC_VAL_002_enterAlphabetsInNumericFields" time="14.710"/>
  <testcase classname="com.bankbot.tests.ValidationTest" name="TC_VAL_006_submitAccountCreationWithoutCustomerId" time="9.493"/>
  <testcase classname="com.bankbot.tests.ValidationTest" name="TC_VAL_005_enterFutureDob" time="14.106"/>
  <testcase classname="com.bankbot.tests.ValidationTest" name="TC_VAL_004_enterInvalidEmailFormat" time="13.332"/>
</testsuite> <!-- com.bankbot.tests.ValidationTest -->
