<?xml version="1.0" encoding="UTF-8"?>
<!-- Generated by org.testng.reporters.JUnitReportReporter -->
<testsuite hostname="KOWSIKAN" failures="0" tests="8" name="com.bankbot.tests.LoginTest" time="71.303" errors="0" timestamp="2026-05-08T10:54:51 IST" skipped="0">
  <testcase classname="com.bankbot.tests.LoginTest" name="TC_LOGIN_007_verifyLogoutFunctionality" time="15.547"/>
  <testcase classname="com.bankbot.tests.LoginTest" name="TC_LOGIN_008_verifySessionExpiresAfterLogout" time="9.029"/>
  <testcase classname="com.bankbot.tests.LoginTest" name="TC_LOGIN_004_loginWithBlankUsername" time="8.147"/>
  <testcase classname="com.bankbot.tests.LoginTest" name="TC_LOGIN_005_loginWithBlankPassword" time="6.155"/>
  <testcase classname="com.bankbot.tests.LoginTest" name="TC_LOGIN_006_loginWithBlankUsernameAndPassword" time="7.521"/>
  <testcase classname="com.bankbot.tests.LoginTest" name="TC_LOGIN_001_loginWithValidManagerCredentials" time="10.929"/>
  <testcase classname="com.bankbot.tests.LoginTest" name="TC_LOGIN_003_loginWithInvalidPassword" time="8.589"/>
  <testcase classname="com.bankbot.tests.LoginTest" name="TC_LOGIN_002_loginWithInvalidUsername" time="5.386"/>
</testsuite> <!-- com.bankbot.tests.LoginTest -->
