<?xml version="1.0" encoding="UTF-8"?>
<!-- Generated by org.testng.reporters.JUnitReportReporter -->
<testsuite hostname="KOWSIKAN" failures="0" tests="10" name="com.bankbot.tests.CustomerTest" time="122.554" errors="0" timestamp="2026-05-08T10:54:51 IST" skipped="0">
  <testcase classname="com.bankbot.tests.CustomerTest" name="TC_CUST_009_editCustomerCityAndState" time="17.496"/>
  <testcase classname="com.bankbot.tests.CustomerTest" name="TC_CUST_010_deleteExistingCustomer" time="23.376"/>
  <testcase classname="com.bankbot.tests.CustomerTest" name="TC_CUST_008_editExistingCustomerAddress" time="22.712"/>
  <testcase classname="com.bankbot.tests.CustomerTest" name="TC_CUST_006_enterSpecialCharactersInCustomerName" time="8.230"/>
  <testcase classname="com.bankbot.tests.CustomerTest" name="TC_CUST_004_createCustomerWithBlankMandatoryFields" time="6.815"/>
  <testcase classname="com.bankbot.tests.CustomerTest" name="TC_CUST_002_verifySuccessMessageAfterCustomerCreation" time="6.566"/>
  <testcase classname="com.bankbot.tests.CustomerTest" name="TC_CUST_001_createNewCustomerWithValidDetails" time="6.633"/>
  <testcase classname="com.bankbot.tests.CustomerTest" name="TC_CUST_005_enterNumericValuesInCustomerName" time="7.766"/>
  <testcase classname="com.bankbot.tests.CustomerTest" name="TC_CUST_003_createCustomerWithExistingEmail" time="12.849"/>
  <testcase classname="com.bankbot.tests.CustomerTest" name="TC_CUST_007_verifyFutureDobIsNotAccepted" time="10.111"/>
</testsuite> <!-- com.bankbot.tests.CustomerTest -->
