<?xml version="1.0" encoding="UTF-8"?>
<!-- Generated by org.testng.reporters.JUnitReportReporter -->
<testsuite hostname="KOWSIKAN" failures="0" tests="8" name="com.bankbot.tests.FundTransferTest" time="225.312" errors="0" timestamp="2026-05-08T10:54:51 IST" skipped="0">
  <testcase classname="com.bankbot.tests.FundTransferTest" name="TC_FUND_007_transferNegativeAmount" time="38.553"/>
  <testcase classname="com.bankbot.tests.FundTransferTest" name="TC_FUND_008_transferWithBlankFields" time="10.884"/>
  <testcase classname="com.bankbot.tests.FundTransferTest" name="TC_FUND_002_verifySuccessMessageAfterTransfer" time="20.868"/>
  <testcase classname="com.bankbot.tests.FundTransferTest" name="TC_FUND_005_transferAmountGreaterThanBalance" time="25.847"/>
  <testcase classname="com.bankbot.tests.FundTransferTest" name="TC_FUND_004_verifyReceiverBalanceUpdates" time="22.641"/>
  <testcase classname="com.bankbot.tests.FundTransferTest" name="TC_FUND_003_verifySenderBalanceUpdates" time="22.217"/>
  <testcase classname="com.bankbot.tests.FundTransferTest" name="TC_FUND_001_transferFundsBetweenValidAccounts" time="39.789"/>
  <testcase classname="com.bankbot.tests.FundTransferTest" name="TC_FUND_006_transferUsingInvalidPayeeAccount" time="44.513"/>
</testsuite> <!-- com.bankbot.tests.FundTransferTest -->
